Determining if the pthread_create exist failed with the following output:
Change Dir: /home/ubuntu14/rapp_advanced_tutorials/cpp/nao_robot/qibuild/facedetection/build-naoqi-sdk/CMakeFiles/CMakeTmp

Run Build Command:/usr/bin/make "cmTryCompileExec4193142368/fast"
/usr/bin/make -f CMakeFiles/cmTryCompileExec4193142368.dir/build.make CMakeFiles/cmTryCompileExec4193142368.dir/build
make[1]: Entering directory `/home/ubuntu14/rapp_advanced_tutorials/cpp/nao_robot/qibuild/facedetection/build-naoqi-sdk/CMakeFiles/CMakeTmp'
/usr/bin/cmake -E cmake_progress_report /home/ubuntu14/rapp_advanced_tutorials/cpp/nao_robot/qibuild/facedetection/build-naoqi-sdk/CMakeFiles/CMakeTmp/CMakeFiles 1
Building C object CMakeFiles/cmTryCompileExec4193142368.dir/CheckSymbolExists.c.o
/usr/bin/cc    -o CMakeFiles/cmTryCompileExec4193142368.dir/CheckSymbolExists.c.o   -c /home/ubuntu14/rapp_advanced_tutorials/cpp/nao_robot/qibuild/facedetection/build-naoqi-sdk/CMakeFiles/CMakeTmp/CheckSymbolExists.c
Linking C executable cmTryCompileExec4193142368
/usr/bin/cmake -E cmake_link_script CMakeFiles/cmTryCompileExec4193142368.dir/link.txt --verbose=1
/usr/bin/cc       CMakeFiles/cmTryCompileExec4193142368.dir/CheckSymbolExists.c.o  -o cmTryCompileExec4193142368 -rdynamic 
CMakeFiles/cmTryCompileExec4193142368.dir/CheckSymbolExists.c.o: In function `main':
CheckSymbolExists.c:(.text+0xa): undefined reference to `pthread_create'
collect2: error: ld returned 1 exit status
make[1]: Leaving directory `/home/ubuntu14/rapp_advanced_tutorials/cpp/nao_robot/qibuild/facedetection/build-naoqi-sdk/CMakeFiles/CMakeTmp'
make[1]: *** [cmTryCompileExec4193142368] Error 1
make: *** [cmTryCompileExec4193142368/fast] Error 2

File /home/ubuntu14/rapp_advanced_tutorials/cpp/nao_robot/qibuild/facedetection/build-naoqi-sdk/CMakeFiles/CMakeTmp/CheckSymbolExists.c:
/* */
#include <pthread.h>

int main(int argc, char** argv)
{
  (void)argv;
#ifndef pthread_create
  return ((int*)(&pthread_create))[argc];
#else
  (void)argc;
  return 0;
#endif
}

Determining if the function pthread_create exists in the pthreads failed with the following output:
Change Dir: /home/ubuntu14/rapp_advanced_tutorials/cpp/nao_robot/qibuild/facedetection/build-naoqi-sdk/CMakeFiles/CMakeTmp

Run Build Command:/usr/bin/make "cmTryCompileExec1432825349/fast"
/usr/bin/make -f CMakeFiles/cmTryCompileExec1432825349.dir/build.make CMakeFiles/cmTryCompileExec1432825349.dir/build
make[1]: Entering directory `/home/ubuntu14/rapp_advanced_tutorials/cpp/nao_robot/qibuild/facedetection/build-naoqi-sdk/CMakeFiles/CMakeTmp'
/usr/bin/cmake -E cmake_progress_report /home/ubuntu14/rapp_advanced_tutorials/cpp/nao_robot/qibuild/facedetection/build-naoqi-sdk/CMakeFiles/CMakeTmp/CMakeFiles 1
Building C object CMakeFiles/cmTryCompileExec1432825349.dir/CheckFunctionExists.c.o
/usr/bin/cc   -DCHECK_FUNCTION_EXISTS=pthread_create   -o CMakeFiles/cmTryCompileExec1432825349.dir/CheckFunctionExists.c.o   -c /usr/share/cmake-2.8/Modules/CheckFunctionExists.c
Linking C executable cmTryCompileExec1432825349
/usr/bin/cmake -E cmake_link_script CMakeFiles/cmTryCompileExec1432825349.dir/link.txt --verbose=1
/usr/bin/cc   -DCHECK_FUNCTION_EXISTS=pthread_create    CMakeFiles/cmTryCompileExec1432825349.dir/CheckFunctionExists.c.o  -o cmTryCompileExec1432825349 -rdynamic -lpthreads 
/usr/bin/ld: cannot find -lpthreads
collect2: error: ld returned 1 exit status
make[1]: Leaving directory `/home/ubuntu14/rapp_advanced_tutorials/cpp/nao_robot/qibuild/facedetection/build-naoqi-sdk/CMakeFiles/CMakeTmp'
make[1]: *** [cmTryCompileExec1432825349] Error 1
make: *** [cmTryCompileExec1432825349/fast] Error 2


Determining if the pthread_create exist failed with the following output:
Change Dir: /home/ubuntu14/rapp_advanced_tutorials/cpp/nao_robot/qibuild/facedetection/build-naoqi-sdk/CMakeFiles/CMakeTmp

Run Build Command:/usr/bin/make "cmTryCompileExec3604323294/fast"
/usr/bin/make -f CMakeFiles/cmTryCompileExec3604323294.dir/build.make CMakeFiles/cmTryCompileExec3604323294.dir/build
make[1]: Entering directory `/home/ubuntu14/rapp_advanced_tutorials/cpp/nao_robot/qibuild/facedetection/build-naoqi-sdk/CMakeFiles/CMakeTmp'
/usr/bin/cmake -E cmake_progress_report /home/ubuntu14/rapp_advanced_tutorials/cpp/nao_robot/qibuild/facedetection/build-naoqi-sdk/CMakeFiles/CMakeTmp/CMakeFiles 1
Building C object CMakeFiles/cmTryCompileExec3604323294.dir/CheckSymbolExists.c.o
/usr/bin/cc    -o CMakeFiles/cmTryCompileExec3604323294.dir/CheckSymbolExists.c.o   -c /home/ubuntu14/rapp_advanced_tutorials/cpp/nao_robot/qibuild/facedetection/build-naoqi-sdk/CMakeFiles/CMakeTmp/CheckSymbolExists.c
Linking C executable cmTryCompileExec3604323294
/usr/bin/cmake -E cmake_link_script CMakeFiles/cmTryCompileExec3604323294.dir/link.txt --verbose=1
/usr/bin/cc       CMakeFiles/cmTryCompileExec3604323294.dir/CheckSymbolExists.c.o  -o cmTryCompileExec3604323294 -rdynamic 
CMakeFiles/cmTryCompileExec3604323294.dir/CheckSymbolExists.c.o: In function `main':
CheckSymbolExists.c:(.text+0xa): undefined reference to `pthread_create'
collect2: error: ld returned 1 exit status
make[1]: Leaving directory `/home/ubuntu14/rapp_advanced_tutorials/cpp/nao_robot/qibuild/facedetection/build-naoqi-sdk/CMakeFiles/CMakeTmp'
make[1]: *** [cmTryCompileExec3604323294] Error 1
make: *** [cmTryCompileExec3604323294/fast] Error 2

File /home/ubuntu14/rapp_advanced_tutorials/cpp/nao_robot/qibuild/facedetection/build-naoqi-sdk/CMakeFiles/CMakeTmp/CheckSymbolExists.c:
/* */
#include <pthread.h>

int main(int argc, char** argv)
{
  (void)argv;
#ifndef pthread_create
  return ((int*)(&pthread_create))[argc];
#else
  (void)argc;
  return 0;
#endif
}

Determining if the function pthread_create exists in the pthreads failed with the following output:
Change Dir: /home/ubuntu14/rapp_advanced_tutorials/cpp/nao_robot/qibuild/facedetection/build-naoqi-sdk/CMakeFiles/CMakeTmp

Run Build Command:/usr/bin/make "cmTryCompileExec139856367/fast"
/usr/bin/make -f CMakeFiles/cmTryCompileExec139856367.dir/build.make CMakeFiles/cmTryCompileExec139856367.dir/build
make[1]: Entering directory `/home/ubuntu14/rapp_advanced_tutorials/cpp/nao_robot/qibuild/facedetection/build-naoqi-sdk/CMakeFiles/CMakeTmp'
/usr/bin/cmake -E cmake_progress_report /home/ubuntu14/rapp_advanced_tutorials/cpp/nao_robot/qibuild/facedetection/build-naoqi-sdk/CMakeFiles/CMakeTmp/CMakeFiles 1
Building C object CMakeFiles/cmTryCompileExec139856367.dir/CheckFunctionExists.c.o
/usr/bin/cc   -DCHECK_FUNCTION_EXISTS=pthread_create   -o CMakeFiles/cmTryCompileExec139856367.dir/CheckFunctionExists.c.o   -c /usr/share/cmake-2.8/Modules/CheckFunctionExists.c
Linking C executable cmTryCompileExec139856367
/usr/bin/cmake -E cmake_link_script CMakeFiles/cmTryCompileExec139856367.dir/link.txt --verbose=1
/usr/bin/cc   -DCHECK_FUNCTION_EXISTS=pthread_create    CMakeFiles/cmTryCompileExec139856367.dir/CheckFunctionExists.c.o  -o cmTryCompileExec139856367 -rdynamic -lpthreads 
/usr/bin/ld: cannot find -lpthreads
collect2: error: ld returned 1 exit status
make[1]: Leaving directory `/home/ubuntu14/rapp_advanced_tutorials/cpp/nao_robot/qibuild/facedetection/build-naoqi-sdk/CMakeFiles/CMakeTmp'
make[1]: *** [cmTryCompileExec139856367] Error 1
make: *** [cmTryCompileExec139856367/fast] Error 2


Determining if the pthread_create exist failed with the following output:
Change Dir: /home/ubuntu14/rapp_advanced_tutorials/cpp/nao_robot/qibuild/facedetection/build-naoqi-sdk/CMakeFiles/CMakeTmp

Run Build Command:/usr/bin/make "cmTryCompileExec1129422762/fast"
/usr/bin/make -f CMakeFiles/cmTryCompileExec1129422762.dir/build.make CMakeFiles/cmTryCompileExec1129422762.dir/build
make[1]: Entering directory `/home/ubuntu14/rapp_advanced_tutorials/cpp/nao_robot/qibuild/facedetection/build-naoqi-sdk/CMakeFiles/CMakeTmp'
/usr/bin/cmake -E cmake_progress_report /home/ubuntu14/rapp_advanced_tutorials/cpp/nao_robot/qibuild/facedetection/build-naoqi-sdk/CMakeFiles/CMakeTmp/CMakeFiles 1
Building C object CMakeFiles/cmTryCompileExec1129422762.dir/CheckSymbolExists.c.o
/usr/bin/cc    -o CMakeFiles/cmTryCompileExec1129422762.dir/CheckSymbolExists.c.o   -c /home/ubuntu14/rapp_advanced_tutorials/cpp/nao_robot/qibuild/facedetection/build-naoqi-sdk/CMakeFiles/CMakeTmp/CheckSymbolExists.c
Linking C executable cmTryCompileExec1129422762
/usr/bin/cmake -E cmake_link_script CMakeFiles/cmTryCompileExec1129422762.dir/link.txt --verbose=1
/usr/bin/cc       CMakeFiles/cmTryCompileExec1129422762.dir/CheckSymbolExists.c.o  -o cmTryCompileExec1129422762 -rdynamic 
CMakeFiles/cmTryCompileExec1129422762.dir/CheckSymbolExists.c.o: In function `main':
CheckSymbolExists.c:(.text+0xa): undefined reference to `pthread_create'
collect2: error: ld returned 1 exit status
make[1]: Leaving directory `/home/ubuntu14/rapp_advanced_tutorials/cpp/nao_robot/qibuild/facedetection/build-naoqi-sdk/CMakeFiles/CMakeTmp'
make[1]: *** [cmTryCompileExec1129422762] Error 1
make: *** [cmTryCompileExec1129422762/fast] Error 2

File /home/ubuntu14/rapp_advanced_tutorials/cpp/nao_robot/qibuild/facedetection/build-naoqi-sdk/CMakeFiles/CMakeTmp/CheckSymbolExists.c:
/* */
#include <pthread.h>

int main(int argc, char** argv)
{
  (void)argv;
#ifndef pthread_create
  return ((int*)(&pthread_create))[argc];
#else
  (void)argc;
  return 0;
#endif
}

Determining if the function pthread_create exists in the pthreads failed with the following output:
Change Dir: /home/ubuntu14/rapp_advanced_tutorials/cpp/nao_robot/qibuild/facedetection/build-naoqi-sdk/CMakeFiles/CMakeTmp

Run Build Command:/usr/bin/make "cmTryCompileExec1920544145/fast"
/usr/bin/make -f CMakeFiles/cmTryCompileExec1920544145.dir/build.make CMakeFiles/cmTryCompileExec1920544145.dir/build
make[1]: Entering directory `/home/ubuntu14/rapp_advanced_tutorials/cpp/nao_robot/qibuild/facedetection/build-naoqi-sdk/CMakeFiles/CMakeTmp'
/usr/bin/cmake -E cmake_progress_report /home/ubuntu14/rapp_advanced_tutorials/cpp/nao_robot/qibuild/facedetection/build-naoqi-sdk/CMakeFiles/CMakeTmp/CMakeFiles 1
Building C object CMakeFiles/cmTryCompileExec1920544145.dir/CheckFunctionExists.c.o
/usr/bin/cc   -DCHECK_FUNCTION_EXISTS=pthread_create   -o CMakeFiles/cmTryCompileExec1920544145.dir/CheckFunctionExists.c.o   -c /usr/share/cmake-2.8/Modules/CheckFunctionExists.c
Linking C executable cmTryCompileExec1920544145
/usr/bin/cmake -E cmake_link_script CMakeFiles/cmTryCompileExec1920544145.dir/link.txt --verbose=1
/usr/bin/cc   -DCHECK_FUNCTION_EXISTS=pthread_create    CMakeFiles/cmTryCompileExec1920544145.dir/CheckFunctionExists.c.o  -o cmTryCompileExec1920544145 -rdynamic -lpthreads 
/usr/bin/ld: cannot find -lpthreads
collect2: error: ld returned 1 exit status
make[1]: Leaving directory `/home/ubuntu14/rapp_advanced_tutorials/cpp/nao_robot/qibuild/facedetection/build-naoqi-sdk/CMakeFiles/CMakeTmp'
make[1]: *** [cmTryCompileExec1920544145] Error 1
make: *** [cmTryCompileExec1920544145/fast] Error 2


